java.lang.AssertionError: Expected: > -1 (4) actual: > -2 (4) select timestampdiff(YEAR,'2002-05-01','2001-01-01')
	at org.h2.test.TestBase.fail(TestBase.java:427)
	at org.h2.test.TestBase.assertEquals(TestBase.java:697)
	at org.h2.test.db.TestScriptSimple.test(TestScriptSimple.java:62)
	at org.h2.test.TestBase.runTest(TestBase.java:141)
	at org.h2.test.TestAll.test(TestAll.java:552)
	at org.h2.test.TestAll.runTests(TestAll.java:490)
	at org.h2.test.TestAll.run(TestAll.java:435)
	at org.h2.test.TestAll.main(TestAll.java:343)
	at sun.reflect.NativeMethodAccessorImpl.invoke0(Native Method)
	at sun.reflect.NativeMethodAccessorImpl.invoke(NativeMethodAccessorImpl.java:39)
	at sun.reflect.DelegatingMethodAccessorImpl.invoke(DelegatingMethodAccessorImpl.java:25)
	at java.lang.reflect.Method.invoke(Method.java:597)
	at org.h2.build.BuildBase.invoke(BuildBase.java:241)
	at org.h2.build.BuildBase.java(BuildBase.java:870)
	at org.h2.build.Build.test(Build.java:671)
	at sun.reflect.NativeMethodAccessorImpl.invoke0(Native Method)
	at sun.reflect.NativeMethodAccessorImpl.invoke(NativeMethodAccessorImpl.java:39)
	at sun.reflect.DelegatingMethodAccessorImpl.invoke(DelegatingMethodAccessorImpl.java:25)
	at java.lang.reflect.Method.invoke(Method.java:597)
	at org.h2.build.BuildBase.invoke(BuildBase.java:241)
	at org.h2.build.BuildBase.runTarget(BuildBase.java:207)
	at org.h2.build.BuildBase.run(BuildBase.java:188)
	at org.h2.build.Build.main(Build.java:35)
java.lang.AssertionError: Expected: 0 (1) actual: 86400 (5) 
	at org.h2.test.TestBase.fail(TestBase.java:427)
	at org.h2.test.TestBase.assertEquals(TestBase.java:697)
	at org.h2.test.TestBase.assertEquals(TestBase.java:709)
	at org.h2.test.TestBase.assertResult(TestBase.java:934)
	at org.h2.test.db.TestCompatibility.testMySQL(TestCompatibility.java:225)
	at org.h2.test.db.TestCompatibility.test(TestCompatibility.java:48)
	at org.h2.test.TestBase.runTest(TestBase.java:141)
	at org.h2.test.TestAll.test(TestAll.java:564)
	at org.h2.test.TestAll.runTests(TestAll.java:490)
	at org.h2.test.TestAll.run(TestAll.java:435)
	at org.h2.test.TestAll.main(TestAll.java:343)
	at sun.reflect.NativeMethodAccessorImpl.invoke0(Native Method)
	at sun.reflect.NativeMethodAccessorImpl.invoke(NativeMethodAccessorImpl.java:39)
	at sun.reflect.DelegatingMethodAccessorImpl.invoke(DelegatingMethodAccessorImpl.java:25)
	at java.lang.reflect.Method.invoke(Method.java:597)
	at org.h2.build.BuildBase.invoke(BuildBase.java:241)
	at org.h2.build.BuildBase.java(BuildBase.java:870)
	at org.h2.build.Build.test(Build.java:671)
	at sun.reflect.NativeMethodAccessorImpl.invoke0(Native Method)
	at sun.reflect.NativeMethodAccessorImpl.invoke(NativeMethodAccessorImpl.java:39)
	at sun.reflect.DelegatingMethodAccessorImpl.invoke(DelegatingMethodAccessorImpl.java:25)
	at java.lang.reflect.Method.invoke(Method.java:597)
	at org.h2.build.BuildBase.invoke(BuildBase.java:241)
	at org.h2.build.BuildBase.runTarget(BuildBase.java:207)
	at org.h2.build.BuildBase.run(BuildBase.java:188)
	at org.h2.build.Build.main(Build.java:35)
java.lang.NoClassDefFoundError: org/osgi/framework/BundleActivator
	at java.lang.ClassLoader.defineClass1(Native Method)
	at java.lang.ClassLoader.defineClassCond(ClassLoader.java:632)
	at java.lang.ClassLoader.defineClass(ClassLoader.java:616)
	at java.security.SecureClassLoader.defineClass(SecureClassLoader.java:141)
	at java.net.URLClassLoader.defineClass(URLClassLoader.java:283)
	at java.net.URLClassLoader.access$000(URLClassLoader.java:58)
	at java.net.URLClassLoader$1.run(URLClassLoader.java:197)
	at java.security.AccessController.doPrivileged(Native Method)
	at java.net.URLClassLoader.findClass(URLClassLoader.java:190)
	at java.lang.ClassLoader.loadClass(ClassLoader.java:307)
	at sun.misc.Launcher$AppClassLoader.loadClass(Launcher.java:301)
	at java.lang.ClassLoader.loadClass(ClassLoader.java:248)
	at java.lang.Class.forName0(Native Method)
	at java.lang.Class.forName(Class.java:169)
	at org.h2.test.unit.TestClearReferences.check(TestClearReferences.java:113)
	at org.h2.test.unit.TestClearReferences.check(TestClearReferences.java:97)
	at org.h2.test.unit.TestClearReferences.check(TestClearReferences.java:97)
	at org.h2.test.unit.TestClearReferences.clear(TestClearReferences.java:61)
	at org.h2.test.unit.TestClearReferences.test(TestClearReferences.java:73)
	at org.h2.test.TestBase.runTest(TestBase.java:141)
	at org.h2.test.TestAll.testUnit(TestAll.java:684)
	at org.h2.test.TestAll.runTests(TestAll.java:491)
	at org.h2.test.TestAll.run(TestAll.java:435)
	at org.h2.test.TestAll.main(TestAll.java:343)
	at sun.reflect.NativeMethodAccessorImpl.invoke0(Native Method)
	at sun.reflect.NativeMethodAccessorImpl.invoke(NativeMethodAccessorImpl.java:39)
	at sun.reflect.DelegatingMethodAccessorImpl.invoke(DelegatingMethodAccessorImpl.java:25)
	at java.lang.reflect.Method.invoke(Method.java:597)
	at org.h2.build.BuildBase.invoke(BuildBase.java:241)
	at org.h2.build.BuildBase.java(BuildBase.java:870)
	at org.h2.build.Build.test(Build.java:671)
	at sun.reflect.NativeMethodAccessorImpl.invoke0(Native Method)
	at sun.reflect.NativeMethodAccessorImpl.invoke(NativeMethodAccessorImpl.java:39)
	at sun.reflect.DelegatingMethodAccessorImpl.invoke(DelegatingMethodAccessorImpl.java:25)
	at java.lang.reflect.Method.invoke(Method.java:597)
	at org.h2.build.BuildBase.invoke(BuildBase.java:241)
	at org.h2.build.BuildBase.runTarget(BuildBase.java:207)
	at org.h2.build.BuildBase.run(BuildBase.java:188)
	at org.h2.build.Build.main(Build.java:35)
Caused by: java.lang.ClassNotFoundException: org.osgi.framework.BundleActivator
	at java.net.URLClassLoader$1.run(URLClassLoader.java:202)
	at java.security.AccessController.doPrivileged(Native Method)
	at java.net.URLClassLoader.findClass(URLClassLoader.java:190)
	at java.lang.ClassLoader.loadClass(ClassLoader.java:307)
	at sun.misc.Launcher$AppClassLoader.loadClass(Launcher.java:301)
	at java.lang.ClassLoader.loadClass(ClassLoader.java:248)
	... 39 more
java.lang.AssertionError: Expected: 0 actual: 86400000
	at org.h2.test.TestBase.fail(TestBase.java:427)
	at org.h2.test.TestBase.assertEquals(TestBase.java:783)
	at org.h2.test.unit.TestDate.testValueTimestamp(TestDate.java:280)
	at org.h2.test.unit.TestDate.test(TestDate.java:54)
	at org.h2.test.TestBase.runTest(TestBase.java:141)
	at org.h2.test.TestAll.testUnit(TestAll.java:689)
	at org.h2.test.TestAll.runTests(TestAll.java:491)
	at org.h2.test.TestAll.run(TestAll.java:435)
	at org.h2.test.TestAll.main(TestAll.java:343)
	at sun.reflect.NativeMethodAccessorImpl.invoke0(Native Method)
	at sun.reflect.NativeMethodAccessorImpl.invoke(NativeMethodAccessorImpl.java:39)
	at sun.reflect.DelegatingMethodAccessorImpl.invoke(DelegatingMethodAccessorImpl.java:25)
	at java.lang.reflect.Method.invoke(Method.java:597)
	at org.h2.build.BuildBase.invoke(BuildBase.java:241)
	at org.h2.build.BuildBase.java(BuildBase.java:870)
	at org.h2.build.Build.test(Build.java:671)
	at sun.reflect.NativeMethodAccessorImpl.invoke0(Native Method)
	at sun.reflect.NativeMethodAccessorImpl.invoke(NativeMethodAccessorImpl.java:39)
	at sun.reflect.DelegatingMethodAccessorImpl.invoke(DelegatingMethodAccessorImpl.java:25)
	at java.lang.reflect.Method.invoke(Method.java:597)
	at org.h2.build.BuildBase.invoke(BuildBase.java:241)
	at org.h2.build.BuildBase.runTarget(BuildBase.java:207)
	at org.h2.build.BuildBase.run(BuildBase.java:188)
	at org.h2.build.Build.main(Build.java:35)
org.h2.jdbc.JdbcSQLException: Class "org.h2.fulltext.FullTextLucene" not found; SQL statement:
CREATE ALIAS IF NOT EXISTS FTL_INIT FOR "org.h2.fulltext.FullTextLucene.init" [90086-169]
	at org.h2.message.DbException.getJdbcSQLException(DbException.java:329)
	at org.h2.message.DbException.get(DbException.java:158)
	at org.h2.util.Utils.loadUserClass(Utils.java:493)
	at org.h2.engine.FunctionAlias.loadClass(FunctionAlias.java:137)
	at org.h2.engine.FunctionAlias.load(FunctionAlias.java:113)
	at org.h2.engine.FunctionAlias.init(FunctionAlias.java:98)
	at org.h2.engine.FunctionAlias.newInstance(FunctionAlias.java:73)
	at org.h2.command.ddl.CreateFunctionAlias.update(CreateFunctionAlias.java:47)
	at org.h2.command.CommandContainer.update(CommandContainer.java:75)
	at org.h2.command.Command.executeUpdate(Command.java:230)
	at org.h2.jdbc.JdbcStatement.executeInternal(JdbcStatement.java:177)
	at org.h2.jdbc.JdbcStatement.execute(JdbcStatement.java:152)
	at org.h2.test.unit.TestRecovery.testRecoverFulltext(TestRecovery.java:82)
	at org.h2.test.unit.TestRecovery.test(TestRecovery.java:42)
	at org.h2.test.TestBase.runTest(TestBase.java:141)
	at org.h2.test.TestAll.testUnit(TestAll.java:713)
	at org.h2.test.TestAll.runTests(TestAll.java:491)
	at org.h2.test.TestAll.run(TestAll.java:435)
	at org.h2.test.TestAll.main(TestAll.java:343)
	at sun.reflect.NativeMethodAccessorImpl.invoke0(Native Method)
	at sun.reflect.NativeMethodAccessorImpl.invoke(NativeMethodAccessorImpl.java:39)
	at sun.reflect.DelegatingMethodAccessorImpl.invoke(DelegatingMethodAccessorImpl.java:25)
	at java.lang.reflect.Method.invoke(Method.java:597)
	at org.h2.build.BuildBase.invoke(BuildBase.java:241)
	at org.h2.build.BuildBase.java(BuildBase.java:870)
	at org.h2.build.Build.test(Build.java:671)
	at sun.reflect.NativeMethodAccessorImpl.invoke0(Native Method)
	at sun.reflect.NativeMethodAccessorImpl.invoke(NativeMethodAccessorImpl.java:39)
	at sun.reflect.DelegatingMethodAccessorImpl.invoke(DelegatingMethodAccessorImpl.java:25)
	at java.lang.reflect.Method.invoke(Method.java:597)
	at org.h2.build.BuildBase.invoke(BuildBase.java:241)
	at org.h2.build.BuildBase.runTarget(BuildBase.java:207)
	at org.h2.build.BuildBase.run(BuildBase.java:188)
	at org.h2.build.Build.main(Build.java:35)
Caused by: java.lang.NoClassDefFoundError: org/apache/lucene/store/Directory
	at java.lang.Class.forName0(Native Method)
	at java.lang.Class.forName(Class.java:169)
	at org.h2.util.Utils.loadUserClass(Utils.java:485)
	... 31 more
Caused by: java.lang.ClassNotFoundException: org.apache.lucene.store.Directory
	at java.net.URLClassLoader$1.run(URLClassLoader.java:202)
	at java.security.AccessController.doPrivileged(Native Method)
	at java.net.URLClassLoader.findClass(URLClassLoader.java:190)
	at java.lang.ClassLoader.loadClass(ClassLoader.java:307)
	at sun.misc.Launcher$AppClassLoader.loadClass(Launcher.java:301)
	at java.lang.ClassLoader.loadClass(ClassLoader.java:248)
	... 34 more
java.sql.SQLException: Encryption or decryption password not set, or cipher not set
	at org.h2.tools.ChangeFileEncryption.runTool(ChangeFileEncryption.java:88)
	at org.h2.tools.ChangeFileEncryption.main(ChangeFileEncryption.java:55)
	at sun.reflect.NativeMethodAccessorImpl.invoke0(Native Method)
	at sun.reflect.NativeMethodAccessorImpl.invoke(NativeMethodAccessorImpl.java:39)
	at sun.reflect.DelegatingMethodAccessorImpl.invoke(DelegatingMethodAccessorImpl.java:25)
	at java.lang.reflect.Method.invoke(Method.java:597)
	at org.h2.test.unit.TestSampleApps.testApp(TestSampleApps.java:117)
	at org.h2.test.unit.TestSampleApps.test(TestSampleApps.java:101)
	at org.h2.test.TestBase.runTest(TestBase.java:141)
	at org.h2.test.TestAll.testUnit(TestAll.java:714)
	at org.h2.test.TestAll.runTests(TestAll.java:491)
	at org.h2.test.TestAll.run(TestAll.java:435)
	at org.h2.test.TestAll.main(TestAll.java:343)
	at sun.reflect.NativeMethodAccessorImpl.invoke0(Native Method)
	at sun.reflect.NativeMethodAccessorImpl.invoke(NativeMethodAccessorImpl.java:39)
	at sun.reflect.DelegatingMethodAccessorImpl.invoke(DelegatingMethodAccessorImpl.java:25)
	at java.lang.reflect.Method.invoke(Method.java:597)
	at org.h2.build.BuildBase.invoke(BuildBase.java:241)
	at org.h2.build.BuildBase.java(BuildBase.java:870)
	at org.h2.build.Build.test(Build.java:671)
	at sun.reflect.NativeMethodAccessorImpl.invoke0(Native Method)
	at sun.reflect.NativeMethodAccessorImpl.invoke(NativeMethodAccessorImpl.java:39)
	at sun.reflect.DelegatingMethodAccessorImpl.invoke(DelegatingMethodAccessorImpl.java:25)
	at java.lang.reflect.Method.invoke(Method.java:597)
	at org.h2.build.BuildBase.invoke(BuildBase.java:241)
	at org.h2.build.BuildBase.runTarget(BuildBase.java:207)
	at org.h2.build.BuildBase.run(BuildBase.java:188)
	at org.h2.build.Build.main(Build.java:35)
java.lang.AssertionError: Expected: 0 (1) actual: 86400 (5) 
	at org.h2.test.TestBase.fail(TestBase.java:427)
	at org.h2.test.TestBase.assertEquals(TestBase.java:697)
	at org.h2.test.TestBase.assertEquals(TestBase.java:709)
	at org.h2.test.TestBase.assertResult(TestBase.java:934)
	at org.h2.test.db.TestCompatibility.testMySQL(TestCompatibility.java:225)
	at org.h2.test.db.TestCompatibility.test(TestCompatibility.java:48)
	at org.h2.test.TestBase.runTest(TestBase.java:141)
	at org.h2.test.TestAll.test(TestAll.java:564)
	at org.h2.test.TestAll.runTests(TestAll.java:496)
	at org.h2.test.TestAll.run(TestAll.java:435)
	at org.h2.test.TestAll.main(TestAll.java:343)
	at sun.reflect.NativeMethodAccessorImpl.invoke0(Native Method)
	at sun.reflect.NativeMethodAccessorImpl.invoke(NativeMethodAccessorImpl.java:39)
	at sun.reflect.DelegatingMethodAccessorImpl.invoke(DelegatingMethodAccessorImpl.java:25)
	at java.lang.reflect.Method.invoke(Method.java:597)
	at org.h2.build.BuildBase.invoke(BuildBase.java:241)
	at org.h2.build.BuildBase.java(BuildBase.java:870)
	at org.h2.build.Build.test(Build.java:671)
	at sun.reflect.NativeMethodAccessorImpl.invoke0(Native Method)
	at sun.reflect.NativeMethodAccessorImpl.invoke(NativeMethodAccessorImpl.java:39)
	at sun.reflect.DelegatingMethodAccessorImpl.invoke(DelegatingMethodAccessorImpl.java:25)
	at java.lang.reflect.Method.invoke(Method.java:597)
	at org.h2.build.BuildBase.invoke(BuildBase.java:241)
	at org.h2.build.BuildBase.runTarget(BuildBase.java:207)
	at org.h2.build.BuildBase.run(BuildBase.java:188)
	at org.h2.build.Build.main(Build.java:35)
java.lang.AssertionError: Expected: > -1 (4) actual: > -2 (4) select timestampdiff(YEAR,'2002-05-01','2001-01-01')
	at org.h2.test.TestBase.fail(TestBase.java:427)
	at org.h2.test.TestBase.assertEquals(TestBase.java:697)
	at org.h2.test.db.TestScriptSimple.test(TestScriptSimple.java:62)
	at org.h2.test.TestBase.runTest(TestBase.java:141)
	at org.h2.test.TestAll.test(TestAll.java:552)
	at org.h2.test.TestAll.runTests(TestAll.java:506)
	at org.h2.test.TestAll.run(TestAll.java:435)
	at org.h2.test.TestAll.main(TestAll.java:343)
	at sun.reflect.NativeMethodAccessorImpl.invoke0(Native Method)
	at sun.reflect.NativeMethodAccessorImpl.invoke(NativeMethodAccessorImpl.java:39)
	at sun.reflect.DelegatingMethodAccessorImpl.invoke(DelegatingMethodAccessorImpl.java:25)
	at java.lang.reflect.Method.invoke(Method.java:597)
	at org.h2.build.BuildBase.invoke(BuildBase.java:241)
	at org.h2.build.BuildBase.java(BuildBase.java:870)
	at org.h2.build.Build.test(Build.java:671)
	at sun.reflect.NativeMethodAccessorImpl.invoke0(Native Method)
	at sun.reflect.NativeMethodAccessorImpl.invoke(NativeMethodAccessorImpl.java:39)
	at sun.reflect.DelegatingMethodAccessorImpl.invoke(DelegatingMethodAccessorImpl.java:25)
	at java.lang.reflect.Method.invoke(Method.java:597)
	at org.h2.build.BuildBase.invoke(BuildBase.java:241)
	at org.h2.build.BuildBase.runTarget(BuildBase.java:207)
	at org.h2.build.BuildBase.run(BuildBase.java:188)
	at org.h2.build.Build.main(Build.java:35)
java.lang.AssertionError: Expected: 0 (1) actual: 86400 (5) 
	at org.h2.test.TestBase.fail(TestBase.java:427)
	at org.h2.test.TestBase.assertEquals(TestBase.java:697)
	at org.h2.test.TestBase.assertEquals(TestBase.java:709)
	at org.h2.test.TestBase.assertResult(TestBase.java:934)
	at org.h2.test.db.TestCompatibility.testMySQL(TestCompatibility.java:225)
	at org.h2.test.db.TestCompatibility.test(TestCompatibility.java:48)
	at org.h2.test.TestBase.runTest(TestBase.java:141)
	at org.h2.test.TestAll.test(TestAll.java:564)
	at org.h2.test.TestAll.runTests(TestAll.java:506)
	at org.h2.test.TestAll.run(TestAll.java:435)
	at org.h2.test.TestAll.main(TestAll.java:343)
	at sun.reflect.NativeMethodAccessorImpl.invoke0(Native Method)
	at sun.reflect.NativeMethodAccessorImpl.invoke(NativeMethodAccessorImpl.java:39)
	at sun.reflect.DelegatingMethodAccessorImpl.invoke(DelegatingMethodAccessorImpl.java:25)
	at java.lang.reflect.Method.invoke(Method.java:597)
	at org.h2.build.BuildBase.invoke(BuildBase.java:241)
	at org.h2.build.BuildBase.java(BuildBase.java:870)
	at org.h2.build.Build.test(Build.java:671)
	at sun.reflect.NativeMethodAccessorImpl.invoke0(Native Method)
	at sun.reflect.NativeMethodAccessorImpl.invoke(NativeMethodAccessorImpl.java:39)
	at sun.reflect.DelegatingMethodAccessorImpl.invoke(DelegatingMethodAccessorImpl.java:25)
	at java.lang.reflect.Method.invoke(Method.java:597)
	at org.h2.build.BuildBase.invoke(BuildBase.java:241)
	at org.h2.build.BuildBase.runTarget(BuildBase.java:207)
	at org.h2.build.BuildBase.run(BuildBase.java:188)
	at org.h2.build.Build.main(Build.java:35)
java.lang.AssertionError: Expected: > -1 (4) actual: > -2 (4) select timestampdiff(YEAR,'2002-05-01','2001-01-01')
	at org.h2.test.TestBase.fail(TestBase.java:427)
	at org.h2.test.TestBase.assertEquals(TestBase.java:697)
	at org.h2.test.db.TestScriptSimple.test(TestScriptSimple.java:62)
	at org.h2.test.TestBase.runTest(TestBase.java:141)
	at org.h2.test.TestAll.test(TestAll.java:552)
	at org.h2.test.TestAll.runTests(TestAll.java:490)
	at org.h2.test.TestAll.run(TestAll.java:435)
	at org.h2.test.TestAll.main(TestAll.java:343)
	at sun.reflect.NativeMethodAccessorImpl.invoke0(Native Method)
	at sun.reflect.NativeMethodAccessorImpl.invoke(NativeMethodAccessorImpl.java:57)
	at sun.reflect.DelegatingMethodAccessorImpl.invoke(DelegatingMethodAccessorImpl.java:43)
	at java.lang.reflect.Method.invoke(Method.java:616)
	at com.vladium.emma.rt.AppRunner$Invoker.run(AppRunner.java:655)
	at java.lang.Thread.run(Thread.java:679)
java.lang.AssertionError: Expected: 0 (1) actual: 86400 (5) 
	at org.h2.test.TestBase.fail(TestBase.java:427)
	at org.h2.test.TestBase.assertEquals(TestBase.java:697)
	at org.h2.test.TestBase.assertEquals(TestBase.java:709)
	at org.h2.test.TestBase.assertResult(TestBase.java:934)
	at org.h2.test.db.TestCompatibility.testMySQL(TestCompatibility.java:225)
	at org.h2.test.db.TestCompatibility.test(TestCompatibility.java:48)
	at org.h2.test.TestBase.runTest(TestBase.java:141)
	at org.h2.test.TestAll.test(TestAll.java:564)
	at org.h2.test.TestAll.runTests(TestAll.java:490)
	at org.h2.test.TestAll.run(TestAll.java:435)
	at org.h2.test.TestAll.main(TestAll.java:343)
	at sun.reflect.NativeMethodAccessorImpl.invoke0(Native Method)
	at sun.reflect.NativeMethodAccessorImpl.invoke(NativeMethodAccessorImpl.java:57)
	at sun.reflect.DelegatingMethodAccessorImpl.invoke(DelegatingMethodAccessorImpl.java:43)
	at java.lang.reflect.Method.invoke(Method.java:616)
	at com.vladium.emma.rt.AppRunner$Invoker.run(AppRunner.java:655)
	at java.lang.Thread.run(Thread.java:679)
org.h2.jdbc.JdbcSQLException: Database is already closed (to disable automatic closing at VM shutdown, add ";DB_CLOSE_ON_EXIT=FALSE" to the db URL) [90121-169]
	at org.h2.message.DbException.getJdbcSQLException(DbException.java:329)
	at org.h2.message.DbException.get(DbException.java:169)
	at org.h2.message.DbException.get(DbException.java:146)
	at org.h2.message.DbException.get(DbException.java:135)
	at org.h2.jdbc.JdbcConnection.checkClosed(JdbcConnection.java:1389)
	at org.h2.jdbc.JdbcConnection.checkClosed(JdbcConnection.java:1364)
	at org.h2.jdbc.JdbcConnection.prepareStatement(JdbcConnection.java:263)
	at org.h2.test.db.TestMultiThread.testConcurrentView(TestMultiThread.java:92)
	at org.h2.test.db.TestMultiThread.test(TestMultiThread.java:54)
	at org.h2.test.TestBase.runTest(TestBase.java:141)
	at org.h2.test.TestAll.test(TestAll.java:582)
	at org.h2.test.TestAll.runTests(TestAll.java:490)
	at org.h2.test.TestAll.run(TestAll.java:435)
	at org.h2.test.TestAll.main(TestAll.java:343)
	at sun.reflect.NativeMethodAccessorImpl.invoke0(Native Method)
	at sun.reflect.NativeMethodAccessorImpl.invoke(NativeMethodAccessorImpl.java:57)
	at sun.reflect.DelegatingMethodAccessorImpl.invoke(DelegatingMethodAccessorImpl.java:43)
	at java.lang.reflect.Method.invoke(Method.java:616)
	at com.vladium.emma.rt.AppRunner$Invoker.run(AppRunner.java:655)
	at java.lang.Thread.run(Thread.java:679)
java.lang.AssertionError: Expected: > -1 (4) actual: > -2 (4) select timestampdiff(YEAR,'2002-05-01','2001-01-01')
	at org.h2.test.TestBase.fail(TestBase.java:427)
	at org.h2.test.TestBase.assertEquals(TestBase.java:697)
	at org.h2.test.db.TestScriptSimple.test(TestScriptSimple.java:62)
	at org.h2.test.TestBase.runTest(TestBase.java:141)
	at org.h2.test.TestAll.test(TestAll.java:552)
	at org.h2.test.TestAll.runTests(TestAll.java:490)
	at org.h2.test.TestAll.run(TestAll.java:435)
	at org.h2.test.TestAll.main(TestAll.java:343)
	at sun.reflect.NativeMethodAccessorImpl.invoke0(Native Method)
	at sun.reflect.NativeMethodAccessorImpl.invoke(NativeMethodAccessorImpl.java:39)
	at sun.reflect.DelegatingMethodAccessorImpl.invoke(DelegatingMethodAccessorImpl.java:25)
	at java.lang.reflect.Method.invoke(Method.java:597)
	at org.h2.build.BuildBase.invoke(BuildBase.java:241)
	at org.h2.build.BuildBase.java(BuildBase.java:870)
	at org.h2.build.Build.test(Build.java:671)
	at sun.reflect.NativeMethodAccessorImpl.invoke0(Native Method)
	at sun.reflect.NativeMethodAccessorImpl.invoke(NativeMethodAccessorImpl.java:39)
	at sun.reflect.DelegatingMethodAccessorImpl.invoke(DelegatingMethodAccessorImpl.java:25)
	at java.lang.reflect.Method.invoke(Method.java:597)
	at org.h2.build.BuildBase.invoke(BuildBase.java:241)
	at org.h2.build.BuildBase.runTarget(BuildBase.java:207)
	at org.h2.build.BuildBase.run(BuildBase.java:188)
	at org.h2.build.Build.main(Build.java:35)
java.lang.AssertionError: Expected: 0 (1) actual: 86400 (5) 
	at org.h2.test.TestBase.fail(TestBase.java:427)
	at org.h2.test.TestBase.assertEquals(TestBase.java:697)
	at org.h2.test.TestBase.assertEquals(TestBase.java:709)
	at org.h2.test.TestBase.assertResult(TestBase.java:934)
	at org.h2.test.db.TestCompatibility.testMySQL(TestCompatibility.java:225)
	at org.h2.test.db.TestCompatibility.test(TestCompatibility.java:48)
	at org.h2.test.TestBase.runTest(TestBase.java:141)
	at org.h2.test.TestAll.test(TestAll.java:564)
	at org.h2.test.TestAll.runTests(TestAll.java:490)
	at org.h2.test.TestAll.run(TestAll.java:435)
	at org.h2.test.TestAll.main(TestAll.java:343)
	at sun.reflect.NativeMethodAccessorImpl.invoke0(Native Method)
	at sun.reflect.NativeMethodAccessorImpl.invoke(NativeMethodAccessorImpl.java:39)
	at sun.reflect.DelegatingMethodAccessorImpl.invoke(DelegatingMethodAccessorImpl.java:25)
	at java.lang.reflect.Method.invoke(Method.java:597)
	at org.h2.build.BuildBase.invoke(BuildBase.java:241)
	at org.h2.build.BuildBase.java(BuildBase.java:870)
	at org.h2.build.Build.test(Build.java:671)
	at sun.reflect.NativeMethodAccessorImpl.invoke0(Native Method)
	at sun.reflect.NativeMethodAccessorImpl.invoke(NativeMethodAccessorImpl.java:39)
	at sun.reflect.DelegatingMethodAccessorImpl.invoke(DelegatingMethodAccessorImpl.java:25)
	at java.lang.reflect.Method.invoke(Method.java:597)
	at org.h2.build.BuildBase.invoke(BuildBase.java:241)
	at org.h2.build.BuildBase.runTarget(BuildBase.java:207)
	at org.h2.build.BuildBase.run(BuildBase.java:188)
	at org.h2.build.Build.main(Build.java:35)
java.lang.OutOfMemoryError: GC overhead limit exceeded
